\BOOKMARK [0][-]{chapter.0}{Einleitung}{}% 1
\BOOKMARK [0][-]{chapter.1}{Physikalische Grundlagen}{}% 2
\BOOKMARK [1][-]{section.1.1}{Das Standardmodell der Teilchenphysik}{chapter.1}% 3
\BOOKMARK [1][-]{section.1.2}{Die starke Wechselwirkung}{chapter.1}% 4
\BOOKMARK [1][-]{section.1.3}{Quark-Gluon-Plasma}{chapter.1}% 5
\BOOKMARK [1][-]{section.1.4}{Hadronenproduktion in Proton-Proton-Kollisionen}{chapter.1}% 6
\BOOKMARK [1][-]{section.1.5}{Monte-Carlo-Simulationen}{chapter.1}% 7
\BOOKMARK [0][-]{chapter.2}{Experimenteller Aufbau}{}% 8
\BOOKMARK [1][-]{section.2.1}{LHC}{chapter.2}% 9
\BOOKMARK [1][-]{section.2.2}{ALICE}{chapter.2}% 10
\BOOKMARK [2][-]{subsection.2.2.1}{Inner Tracking System}{section.2.2}% 11
\BOOKMARK [2][-]{subsection.2.2.2}{Time Projection Chamber}{section.2.2}% 12
\BOOKMARK [0][-]{chapter.3}{Analyse}{}% 13
\BOOKMARK [1][-]{section.3.1}{Datenauswahl}{chapter.3}% 14
\BOOKMARK [1][-]{section.3.2}{Auswahlkriterien}{chapter.3}% 15
\BOOKMARK [2][-]{subsection.3.2.1}{Selektion der Ereignisse}{section.3.2}% 16
\BOOKMARK [2][-]{subsection.3.2.2}{Spurselektion}{section.3.2}% 17
\BOOKMARK [1][-]{section.3.3}{Korrekturen}{chapter.3}% 18
\BOOKMARK [2][-]{subsection.3.3.1}{Nachweiseffizienz geladener Teilchen}{section.3.3}% 19
\BOOKMARK [2][-]{subsection.3.3.2}{Absch\344tzung der Kontamination durch Sekund\344rteilchen}{section.3.3}% 20
\BOOKMARK [2][-]{subsection.3.3.3}{pT-Aufl\366sung}{section.3.3}% 21
\BOOKMARK [2][-]{subsection.3.3.4}{Normierung auf die Anzahl unelastischer Kollisionen}{section.3.3}% 22
\BOOKMARK [1][-]{section.3.4}{Ergebnisse}{chapter.3}% 23
\BOOKMARK [1][-]{section.3.5}{Systematische Unsicherheiten}{chapter.3}% 24
\BOOKMARK [2][-]{subsection.3.5.1}{Auswahlkriterien}{section.3.5}% 25
\BOOKMARK [2][-]{subsection.3.5.2}{Matching efficiency}{section.3.5}% 26
\BOOKMARK [0][-]{chapter.4}{Zusammenfassung}{}% 27
\BOOKMARK [0][-]{chapter.4}{Literaturverzeichnis}{}% 28
